<?xml version="1.0" encoding="UTF-8"?>
<!-- Generated by org.testng.reporters.JUnitReportReporter -->
<testsuite hostname="SEONGSU" name="com.my.javap.Calculate_Test" tests="2" failures="0" timestamp="5 Jul 2018 00:23:15 GMT" time="0.005" errors="0">
  <testcase name="test_fail" time="0.005" classname="com.my.javap.Calculate_Test"/>
  <testcase name="test_success" time="0.000" classname="com.my.javap.Calculate_Test"/>
</testsuite> <!-- com.my.javap.Calculate_Test -->
